C51 COMPILER V9.60.0.0   STC8AX_SYSCLK                                                     05/25/2023 15:38:29 PAGE 1   


C51 COMPILER V9.60.0.0, COMPILATION OF MODULE STC8AX_SYSCLK
OBJECT MODULE PLACED IN .\Objects\STC8Ax_SYSCLK.obj
COMPILER INVOKED BY: D:\Keil\C51\BIN\C51.EXE STC8Ax_LIB\src\STC8Ax_SYSCLK.c OPTIMIZE(8,SPEED) BROWSE INCDIR(.\User\inc;.
                    -\STC8Ax_LIB\inc;.\STC8Ax_LIB\core) DEBUG OBJECTEXTEND PRINT(.\Listings\STC8Ax_SYSCLK.lst) OBJECT(.\Objects\STC8Ax_SYSCLK
                    -.obj)

line level    source

   1          /*-------------------------------------------------------------------
   2          /*      (C) Copyright 2021-2022, nbufe. All Rights Reserved 
   3          /*-------------------------------------------------------------------
   4          /* File name   : STC8Ax_SYSCLK.c
   5          /* Description : STC8Ax 系统时钟函数库
   6          /* Author      : nbufe
   7          /* Update date : 2021.12.15 
   8          /*-------------------------------------------------------------------
   9          /* Update note:
  10          /* ---------   -----------   ----------------------------------------
  11          /*   Date        Author                       Note
  12          /* ---------   -----------   ----------------------------------------
  13          /*  
  14          /*
  15          **/
  16          
  17          /* 包含头文件 -------------------------------------------------------*/
  18          #include "STC8Ax_SYSCLK.h"
  19          
  20          /* 私有类型定义 -----------------------------------------------------*/
  21          /* None. */
  22          
  23          /* 私有宏定义 -------------------------------------------------------*/
  24          /* None. */
  25          
  26          /* 私有变量 ---------------------------------------------------------*/
  27          /* None. */
  28          
  29          /* 扩展变量 ---------------------------------------------------------*/
  30          /* 系统频率变量 */
  31          uint32_t sysClk_FRE = 0;
  32          
  33          /* 私有函数原形 -----------------------------------------------------*/
  34          /* None. */
  35          
  36          /* 函数体 -----------------------------------------------------------*/
  37          /**
  38           * 功能：获取系统时钟频率函数，用于定时器、串口、EEPROM等进行时钟计算。
  39           * 参数：None
  40           * 返回：[uint32_t] 时钟频率
  41           * 说明：这个函数只能获取内部IRC做时钟源时的系统频率，如果你使用的是外部
             -振，
  42           *       请在STC8Ax_CONF.h中配置CFG_SYSCLK_VALUE宏，填写系统时钟频率。
  43           */
  44          uint32_t Get_SysClk_FRE(void)
  45          {
  46   1                      uint32_t count;
  47   1      
  48   1                      EAXSFR();
  49   1                      /* 频率的偏差,计算出大概数据 */
  50   1                      count = 24000000UL + ((int32_t)((int32_t)IRTRIM - (int32_t)IRC_24M) * 0xD2F0UL);
  51   1                      /* 频率太低需要分频 */
  52   1                      count /= CLKDIV;
C51 COMPILER V9.60.0.0   STC8AX_SYSCLK                                                     05/25/2023 15:38:29 PAGE 2   

  53   1                      EAXRAM();
  54   1                      return count;
  55   1      }
  56          
  57          /**
  58           * 功能：系统时钟配置
  59           * 参数：None
  60           * 返回：None
  61           * 说明：
  62           */
  63          void STC8Ax_SYSCLK_Config(void)
  64          {
  65   1      /* 获取系统频率 */
  66   1      #if (0 == CONF_FOSC)
                              sysClk_FRE = Get_SysClk_FRE();
              #else
  69   1                      sysClk_FRE = CONF_FOSC;
  70   1                EAXSFR();
  71   1                      CLKDIV = 0x00;                                                  /*< 时钟不分频   */
  72   1                      CKSEL = 0x01;                                                   /*< 选择外部晶振 */
  73   1                      XOSCCR = 0xC0;                                                  /*< 启动外部晶振 */
  74   1                      while (!(XOSCCR & 0x01));       /*< 等待时钟稳定 */
  75   1                      EAXRAM();
  76   1      #endif
  77   1      }
  78          
  79          /**
  80           * 功能：系统时钟初始化函数
  81           * 参数：sysClkn 系统时钟初始化结构体句柄，需要在初始化时定义它，并用其地
             -传参。
  82           * 返回：None
  83           * 说明：
  84           */
  85          void STC8Ax_SYSCLK_Init(const SYSCLK_InitTypeDef* sysClkn)
  86          {
  87   1          EAXSFR();
  88   1          {
  89   2              if(sysClkn -> MCLKSrc != AUTO)
  90   2              {
  91   3                  IRC24MCR &= 0xFE;
  92   3                  IRC32KCR &= 0x7E;
  93   3                  XOSCCR &= 0x1E;
  94   3                  switch(sysClkn -> MCLKSrc)
  95   3                  {
  96   4                      case HIRC:
  97   4                          CKSEL = 0x00;
  98   4                          IRC24MCR |= 0x80;
  99   4                          break;
 100   4                      case XOSC:
 101   4                          CKSEL = 0x01;
 102   4                          XOSCCR |= 0xC0;
 103   4                          break;
 104   4                      case LIRC:
 105   4                          CKSEL = 0x03;
 106   4                          IRC32KCR |= 0x80;
 107   4                          break;
 108   4                  }
 109   3                  while(!((IRC24MCR & 0x01) || (IRC32KCR & 0x01) || (XOSCCR & 0x01)));
 110   3                  IRTRIM = sysClkn -> IRCTrim;
 111   3                  LIRTRIM = sysClkn -> LIRCTrim;
 112   3                  if(sysClkn -> MCLKDiv == 0) sysClkn -> MCLKDiv += 1;
 113   3                  CLKDIV = sysClkn -> MCLKDiv;
C51 COMPILER V9.60.0.0   STC8AX_SYSCLK                                                     05/25/2023 15:38:29 PAGE 3   

 114   3              }
 115   2              CKSEL |= sysClkn -> SCLKDiv;
 116   2              CKSEL |= sysClkn -> SCLKOutPin << 3;
 117   2          }
 118   1          EAXRAM();
 119   1      }
 120          
 121          /*>>>>>>>>>> (C) COPYRIGHT NBUFE <<<<<< >>>>>> END OF FILE <<<<<<<<<<*/


MODULE INFORMATION:   STATIC OVERLAYABLE
   CODE SIZE        =    340    ----
   CONSTANT SIZE    =   ----    ----
   XDATA SIZE       =   ----    ----
   PDATA SIZE       =   ----    ----
   DATA SIZE        =      4       4
   IDATA SIZE       =   ----    ----
   BIT SIZE         =   ----    ----
END OF MODULE INFORMATION.


C51 COMPILATION COMPLETE.  0 WARNING(S),  0 ERROR(S)
